<?xml version="1.0" encoding="UTF-8"?>
<testng-results skipped="0" failed="0" ignored="0" total="5" passed="5">
  <reporter-output>
  </reporter-output>
  <suite name="Default suite" duration-ms="4080" started-at="2021-05-02T11:24:40Z" finished-at="2021-05-02T11:24:44Z">
    <groups>
    </groups>
    <test name="Default test" duration-ms="4080" started-at="2021-05-02T11:24:40Z" finished-at="2021-05-02T11:24:44Z">
      <class name="Test.SearchTest">
        <test-method status="PASS" signature="test_driver()[pri:0, instance:Test.SearchTest@53ca01a2]" name="test_driver" is-config="true" duration-ms="2019" started-at="2021-05-02T11:24:40Z" finished-at="2021-05-02T11:24:42Z">
          <reporter-output>
          </reporter-output>
        </test-method> <!-- test_driver -->
        <test-method status="PASS" signature="test_case1()[pri:1, instance:Test.SearchTest@53ca01a2]" name="test_case1" duration-ms="1253" started-at="2021-05-02T11:24:42Z" finished-at="2021-05-02T11:24:43Z">
          <reporter-output>
          </reporter-output>
        </test-method> <!-- test_case1 -->
        <test-method status="PASS" signature="test_case2()[pri:2, instance:Test.SearchTest@53ca01a2]" name="test_case2" duration-ms="78" started-at="2021-05-02T11:24:43Z" finished-at="2021-05-02T11:24:43Z">
          <reporter-output>
          </reporter-output>
        </test-method> <!-- test_case2 -->
        <test-method status="PASS" signature="test_case3()[pri:3, instance:Test.SearchTest@53ca01a2]" name="test_case3" duration-ms="288" started-at="2021-05-02T11:24:43Z" finished-at="2021-05-02T11:24:44Z">
          <reporter-output>
          </reporter-output>
        </test-method> <!-- test_case3 -->
        <test-method status="PASS" signature="test_case4()[pri:4, instance:Test.SearchTest@53ca01a2]" name="test_case4" duration-ms="187" started-at="2021-05-02T11:24:44Z" finished-at="2021-05-02T11:24:44Z">
          <reporter-output>
          </reporter-output>
        </test-method> <!-- test_case4 -->
        <test-method status="PASS" signature="test_case5()[pri:5, instance:Test.SearchTest@53ca01a2]" name="test_case5" duration-ms="228" started-at="2021-05-02T11:24:44Z" finished-at="2021-05-02T11:24:44Z">
          <reporter-output>
          </reporter-output>
        </test-method> <!-- test_case5 -->
      </class> <!-- Test.SearchTest -->
    </test> <!-- Default test -->
  </suite> <!-- Default suite -->
</testng-results>
